\BOOKMARK [1][-]{section.1}{Introduction}{}% 1
\BOOKMARK [2][-]{subsection.1.1}{Controlled Differential Equations}{section.1}% 2
\BOOKMARK [2][-]{subsection.1.2}{Neural Controlled Differential Equations}{section.1}% 3
\BOOKMARK [2][-]{subsection.1.3}{Applications}{section.1}% 4
\BOOKMARK [2][-]{subsection.1.4}{Contributions}{section.1}% 5
\BOOKMARK [1][-]{section.2}{Theory}{}% 6
\BOOKMARK [2][-]{subsection.2.1}{Signatures and Logsignatures}{section.2}% 7
\BOOKMARK [2][-]{subsection.2.2}{The Log-ODE Method}{section.2}% 8
\BOOKMARK [2][-]{subsection.2.3}{Neural CDEs via the log-ODE method}{section.2}% 9
\BOOKMARK [1][-]{section.3}{Computation}{}% 10
\BOOKMARK [2][-]{subsection.3.1}{Method}{section.3}% 11
\BOOKMARK [2][-]{subsection.3.2}{Discussion}{section.3}% 12
\BOOKMARK [2][-]{subsection.3.3}{The depth and step hyperparameters}{section.3}% 13
\BOOKMARK [1][-]{section.4}{Experiments}{}% 14
\BOOKMARK [2][-]{subsection.4.1}{Classification with EigenWorms}{section.4}% 15
\BOOKMARK [2][-]{subsection.4.2}{Estimating Vitals Signs from PPG and ECG Data}{section.4}% 16
\BOOKMARK [1][-]{section.5}{Limitations}{}% 17
\BOOKMARK [1][-]{section.6}{Related Work}{}% 18
\BOOKMARK [1][-]{section.7}{Conclusions}{}% 19
\BOOKMARK [1][-]{appendix.A}{An introduction to the log-ODE method for controlled differential equations}{}% 20
\BOOKMARK [2][-]{subsection.A.1}{The generalized log-ODE method}{appendix.A}% 21
\BOOKMARK [1][-]{appendix.B}{Convergence of the log-ODE method for rough differential equations}{}% 22
\BOOKMARK [1][-]{appendix.C}{Experimental details}{}% 23
\BOOKMARK [1][-]{appendix.D}{Experimental Results}{}% 24
